<?xml version="1.0" encoding="UTF-8"?>
<robot generator="Robot 5.0.1 (Python 3.10.7 on win32)" generated="20231201 11:28:01.684" rpa="false" schemaversion="3">
<suite id="s1" name="Mycareforce" source="c:\Users\celso\Desktop\teste-mycareforce\mycareforce.robot">
<test id="s1-t1" name="Test Case 03 - Exclusão de um colaborador da lista" line="19">
<kw name="Dado que a minha lista tenha um colaborador" library="mycareforce.src">
<kw name="Dado que eu acesse o site https://qa-test-beryl.vercel.app/" library="mycareforce.src">
<kw name="Open Browser" library="SeleniumLibrary">
<arg>${URL}</arg>
<arg>chrome</arg>
<doc>Opens a new browser instance to the optional ``url``.</doc>
<msg timestamp="20231201 11:28:01.961" level="INFO">Opening browser 'chrome' to base url 'https://qa-test-beryl.vercel.app/'.</msg>
<status status="PASS" starttime="20231201 11:28:01.961" endtime="20231201 11:28:04.049"/>
</kw>
<kw name="Maximize Browser Window" library="SeleniumLibrary">
<doc>Maximizes current browser window.</doc>
<status status="PASS" starttime="20231201 11:28:04.049" endtime="20231201 11:28:04.199"/>
</kw>
<status status="PASS" starttime="20231201 11:28:01.960" endtime="20231201 11:28:04.201"/>
</kw>
<kw name="Sleep" library="BuiltIn">
<arg>0.5s</arg>
<doc>Pauses the test executed for the given time.</doc>
<msg timestamp="20231201 11:28:04.703" level="INFO">Slept 500 milliseconds</msg>
<status status="PASS" starttime="20231201 11:28:04.201" endtime="20231201 11:28:04.703"/>
</kw>
<kw name="Então ele adicionará um colaborador na lista" library="mycareforce.src">
<kw name="Execute Javascript" library="SeleniumLibrary">
<arg>window.scrollTo(0, document.body.scrollHeight)</arg>
<doc>Executes the given JavaScript code with possible arguments.</doc>
<msg timestamp="20231201 11:28:04.704" level="INFO">Executing JavaScript:
window.scrollTo(0, document.body.scrollHeight)
Without any arguments.</msg>
<status status="PASS" starttime="20231201 11:28:04.704" endtime="20231201 11:28:04.713"/>
</kw>
<kw name="Sleep" library="BuiltIn">
<arg>0.5s</arg>
<doc>Pauses the test executed for the given time.</doc>
<msg timestamp="20231201 11:28:05.223" level="INFO">Slept 500 milliseconds</msg>
<status status="PASS" starttime="20231201 11:28:04.713" endtime="20231201 11:28:05.223"/>
</kw>
<kw name="Run Keyword And Return Status" library="BuiltIn">
<var>${colaborador_adicionado}</var>
<arg>Element Should Contain</arg>
<arg>${lista_colaboradores}</arg>
<arg>${random_user}</arg>
<doc>Runs the given keyword with given arguments and returns the status as a Boolean value.</doc>
<kw name="Element Should Contain" library="SeleniumLibrary">
<arg>${lista_colaboradores}</arg>
<arg>${random_user}</arg>
<doc>Verifies that element ``locator`` contains text ``expected``.</doc>
<msg timestamp="20231201 11:28:05.254" level="INFO">Element '//div[@class='css-9j49g9'][contains(.,'Name: Leanne GrahamEmail: Sincere@april.biz')]' contains text ''.</msg>
<status status="PASS" starttime="20231201 11:28:05.225" endtime="20231201 11:28:05.254"/>
</kw>
<msg timestamp="20231201 11:28:05.255" level="INFO">${colaborador_adicionado} = True</msg>
<status status="PASS" starttime="20231201 11:28:05.224" endtime="20231201 11:28:05.255"/>
</kw>
<kw name="Should Be True" library="BuiltIn">
<arg>${colaborador_adicionado}</arg>
<doc>Fails if the given condition is not true.</doc>
<status status="PASS" starttime="20231201 11:28:05.255" endtime="20231201 11:28:05.255"/>
</kw>
<kw name="Sleep" library="BuiltIn">
<arg>0.5s</arg>
<doc>Pauses the test executed for the given time.</doc>
<msg timestamp="20231201 11:28:05.771" level="INFO">Slept 500 milliseconds</msg>
<status status="PASS" starttime="20231201 11:28:05.255" endtime="20231201 11:28:05.771"/>
</kw>
<status status="PASS" starttime="20231201 11:28:04.703" endtime="20231201 11:28:05.772"/>
</kw>
<kw name="Sleep" library="BuiltIn">
<arg>0.5s</arg>
<doc>Pauses the test executed for the given time.</doc>
<msg timestamp="20231201 11:28:06.288" level="INFO">Slept 500 milliseconds</msg>
<status status="PASS" starttime="20231201 11:28:05.772" endtime="20231201 11:28:06.288"/>
</kw>
<status status="PASS" starttime="20231201 11:28:01.960" endtime="20231201 11:28:06.288"/>
</kw>
<kw name="Quando eu clicar no botão X" library="mycareforce.src">
<kw name="Wait Until Element Is Visible" library="SeleniumLibrary">
<arg>${botao_excluir}</arg>
<doc>Waits until the element ``locator`` is visible.</doc>
<status status="PASS" starttime="20231201 11:28:06.289" endtime="20231201 11:28:06.391"/>
</kw>
<kw name="Sleep" library="BuiltIn">
<arg>0.5s</arg>
<doc>Pauses the test executed for the given time.</doc>
<msg timestamp="20231201 11:28:06.904" level="INFO">Slept 500 milliseconds</msg>
<status status="PASS" starttime="20231201 11:28:06.391" endtime="20231201 11:28:06.904"/>
</kw>
<kw name="Click Button" library="SeleniumLibrary">
<arg>${botao_excluir}</arg>
<doc>Clicks the button identified by ``locator``.</doc>
<msg timestamp="20231201 11:28:06.906" level="INFO">Clicking button '//button[contains(@aria-label,'Remove user Patricia Lebsack')]'.</msg>
<status status="PASS" starttime="20231201 11:28:06.904" endtime="20231201 11:28:06.978"/>
</kw>
<kw name="Sleep" library="BuiltIn">
<arg>0.5s</arg>
<doc>Pauses the test executed for the given time.</doc>
<msg timestamp="20231201 11:28:07.480" level="INFO">Slept 500 milliseconds</msg>
<status status="PASS" starttime="20231201 11:28:06.978" endtime="20231201 11:28:07.480"/>
</kw>
<status status="PASS" starttime="20231201 11:28:06.289" endtime="20231201 11:28:07.481"/>
</kw>
<kw name="Então o colaborador será removido da lista" library="mycareforce.src">
<kw name="Element Should Not Be Visible" library="SeleniumLibrary">
<arg>${botao_excluir}</arg>
<doc>Verifies that the element identified by ``locator`` is NOT visible.</doc>
<msg timestamp="20231201 11:28:07.492" level="INFO">Element '//button[contains(@aria-label,'Remove user Patricia Lebsack')]' did not exist.</msg>
<status status="PASS" starttime="20231201 11:28:07.482" endtime="20231201 11:28:07.493"/>
</kw>
<kw name="Sleep" library="BuiltIn">
<arg>0.5s</arg>
<doc>Pauses the test executed for the given time.</doc>
<msg timestamp="20231201 11:28:08.000" level="INFO">Slept 500 milliseconds</msg>
<status status="PASS" starttime="20231201 11:28:07.493" endtime="20231201 11:28:08.000"/>
</kw>
<status status="PASS" starttime="20231201 11:28:07.482" endtime="20231201 11:28:08.001"/>
</kw>
<doc>O teste deverá apresentar sucesso, pois o botão de exclusão funciona corretamente</doc>
<status status="PASS" starttime="20231201 11:28:01.958" endtime="20231201 11:28:08.001"/>
</test>
<doc>Essa suíte testa funcionalidades do site https://qa-test-beryl.vercel.app/</doc>
<status status="PASS" starttime="20231201 11:28:01.691" endtime="20231201 11:28:08.005"/>
</suite>
<statistics>
<total>
<stat pass="1" fail="0" skip="0">All Tests</stat>
</total>
<tag>
</tag>
<suite>
<stat pass="1" fail="0" skip="0" id="s1" name="Mycareforce">Mycareforce</stat>
</suite>
</statistics>
<errors>
</errors>
</robot>
